########### array before sorts ###########
0	0.000000	20.000000	0.000000	1.000000	n
1	0.000000	1.000000	0.034074	0.741181	n
2	0.034074	0.741181	0.133975	0.500000	n
3	0.133975	0.500000	0.292893	0.292893	n
4	0.292893	0.292893	0.500000	0.133975	n
5	0.500000	0.133975	0.741181	0.034074	n
6	0.741181	0.034074	1.000000	0.000000	n
7	1.000000	0.000000	15.000000	0.000000	n
8	15.000000	0.000000	15.258819	0.034074	n
9	15.258819	0.034074	15.500000	0.133975	n
10	15.500000	0.133975	15.707107	0.292893	n
11	15.707107	0.292893	15.866025	0.500000	n
12	15.866025	0.500000	15.965926	0.741181	n
13	15.965926	0.741181	16.000000	1.000000	n
14	16.000000	1.000000	16.000000	20.000000	n
15	16.000000	20.000000	15.965926	20.258819	n
16	15.965926	20.258819	15.866025	20.500000	n
17	15.866025	20.500000	15.707107	20.707107	n
18	15.707107	20.707107	15.500000	20.866025	n
19	15.500000	20.866025	15.258819	20.965926	n
20	15.258819	20.965926	15.000000	21.000000	n
21	15.000000	21.000000	1.000000	21.000000	n
22	1.000000	21.000000	0.741181	20.965926	n
23	0.741181	20.965926	0.500000	20.866025	n
24	0.500000	20.866025	0.292893	20.707107	n
25	0.292893	20.707107	0.133975	20.500000	n
26	0.133975	20.500000	0.034074	20.258819	n
27	0.034074	20.258819	0.000000	20.000000	n
Tolerance=0.050000.
*Exact match for i=0 and j=1.
*i point 0.000000	20.000000	0.000000	1.000000	y
*Exact match for i=1 and j=2.
*i point 0.000000	1.000000	0.034074	0.741181	y
*Exact match for i=2 and j=3.
*i point 0.034074	0.741181	0.133975	0.500000	y
*Exact match for i=3 and j=4.
*i point 0.133975	0.500000	0.292893	0.292893	y
*Exact match for i=4 and j=5.
*i point 0.292893	0.292893	0.500000	0.133975	y
*Exact match for i=5 and j=6.
*i point 0.500000	0.133975	0.741181	0.034074	y
*Exact match for i=6 and j=7.
*i point 0.741181	0.034074	1.000000	0.000000	y
*Exact match for i=7 and j=8.
*i point 1.000000	0.000000	15.000000	0.000000	y
*Exact match for i=8 and j=9.
*i point 15.000000	0.000000	15.258819	0.034074	y
*Exact match for i=9 and j=10.
*i point 15.258819	0.034074	15.500000	0.133975	y
*Exact match for i=10 and j=11.
*i point 15.500000	0.133975	15.707107	0.292893	y
*Exact match for i=11 and j=12.
*i point 15.707107	0.292893	15.866025	0.500000	y
*Exact match for i=12 and j=13.
*i point 15.866025	0.500000	15.965926	0.741181	y
*Exact match for i=13 and j=14.
*i point 15.965926	0.741181	16.000000	1.000000	y
*Exact match for i=14 and j=15.
*i point 16.000000	1.000000	16.000000	20.000000	y
*Exact match for i=15 and j=16.
*i point 16.000000	20.000000	15.965926	20.258819	y
*Exact match for i=16 and j=17.
*i point 15.965926	20.258819	15.866025	20.500000	y
*Exact match for i=17 and j=18.
*i point 15.866025	20.500000	15.707107	20.707107	y
*Exact match for i=18 and j=19.
*i point 15.707107	20.707107	15.500000	20.866025	y
*Exact match for i=19 and j=20.
*i point 15.500000	20.866025	15.258819	20.965926	y
*Exact match for i=20 and j=21.
*i point 15.258819	20.965926	15.000000	21.000000	y
*Exact match for i=21 and j=22.
*i point 15.000000	21.000000	1.000000	21.000000	y
*Exact match for i=22 and j=23.
*i point 1.000000	21.000000	0.741181	20.965926	y
*Exact match for i=23 and j=24.
*i point 0.741181	20.965926	0.500000	20.866025	y
*Exact match for i=24 and j=25.
*i point 0.500000	20.866025	0.292893	20.707107	y
*Exact match for i=25 and j=26.
*i point 0.292893	20.707107	0.133975	20.500000	y
*Exact match for i=26 and j=27.
*i point 0.133975	20.500000	0.034074	20.258819	y
########### array after sorts ###########
0	0.000000	20.000000	0.000000	1.000000	y
1	0.000000	1.000000	0.034074	0.741181	y
2	0.034074	0.741181	0.133975	0.500000	y
3	0.133975	0.500000	0.292893	0.292893	y
4	0.292893	0.292893	0.500000	0.133975	y
5	0.500000	0.133975	0.741181	0.034074	y
6	0.741181	0.034074	1.000000	0.000000	y
7	1.000000	0.000000	15.000000	0.000000	y
8	15.000000	0.000000	15.258819	0.034074	y
9	15.258819	0.034074	15.500000	0.133975	y
10	15.500000	0.133975	15.707107	0.292893	y
11	15.707107	0.292893	15.866025	0.500000	y
12	15.866025	0.500000	15.965926	0.741181	y
13	15.965926	0.741181	16.000000	1.000000	y
14	16.000000	1.000000	16.000000	20.000000	y
15	16.000000	20.000000	15.965926	20.258819	y
16	15.965926	20.258819	15.866025	20.500000	y
17	15.866025	20.500000	15.707107	20.707107	y
18	15.707107	20.707107	15.500000	20.866025	y
19	15.500000	20.866025	15.258819	20.965926	y
20	15.258819	20.965926	15.000000	21.000000	y
21	15.000000	21.000000	1.000000	21.000000	y
22	1.000000	21.000000	0.741181	20.965926	y
23	0.741181	20.965926	0.500000	20.866025	y
24	0.500000	20.866025	0.292893	20.707107	y
25	0.292893	20.707107	0.133975	20.500000	y
26	0.133975	20.500000	0.034074	20.258819	y
27	0.034074	20.258819	0.000000	20.000000	y
***************
.BOARD_OUTLINE UNOWNED
1.6
0     0.000000     20.000000     0
0     0.000000     1.000000     0
0     0.034074     0.741181     0
0     0.133975     0.500000     0
0     0.292893     0.292893     0
0     0.500000     0.133975     0
0     0.741181     0.034074     0
0     1.000000     0.000000     0
0     15.000000     0.000000     0
0     15.258819     0.034074     0
0     15.500000     0.133975     0
0     15.707107     0.292893     0
0     15.866025     0.500000     0
0     15.965926     0.741181     0
0     16.000000     1.000000     0
0     16.000000     20.000000     0
0     15.965926     20.258819     0
0     15.866025     20.500000     0
0     15.707107     20.707107     0
0     15.500000     20.866025     0
0     15.258819     20.965926     0
0     15.000000     21.000000     0
0     1.000000     21.000000     0
0     0.741181     20.965926     0
0     0.500000     20.866025     0
0     0.292893     20.707107     0
0     0.133975     20.500000     0
0     0.034074     20.258819     0
0     0.000000     20.000000     0
